Determining if the pthread_create exist failed with the following output:
Change Dir: /home/emeric/Master_2/SIA/sia_td1/build/CMakeFiles/CMakeTmp

Run Build Command:"/usr/bin/make" "cmTC_4b3ef/fast"
/usr/bin/make -f CMakeFiles/cmTC_4b3ef.dir/build.make CMakeFiles/cmTC_4b3ef.dir/build
make[1] : on entre dans le répertoire « /home/emeric/Master_2/SIA/sia_td1/build/CMakeFiles/CMakeTmp »
Building C object CMakeFiles/cmTC_4b3ef.dir/CheckSymbolExists.c.o
/usr/bin/cc     -o CMakeFiles/cmTC_4b3ef.dir/CheckSymbolExists.c.o   -c /home/emeric/Master_2/SIA/sia_td1/build/CMakeFiles/CMakeTmp/CheckSymbolExists.c
Linking C executable cmTC_4b3ef
/usr/bin/cmake -E cmake_link_script CMakeFiles/cmTC_4b3ef.dir/link.txt --verbose=1
/usr/bin/cc       CMakeFiles/cmTC_4b3ef.dir/CheckSymbolExists.c.o  -o cmTC_4b3ef -rdynamic 
CMakeFiles/cmTC_4b3ef.dir/CheckSymbolExists.c.o : Dans la fonction « main » :
CheckSymbolExists.c:(.text+0x16) : référence indéfinie vers « pthread_create »
collect2: error: ld returned 1 exit status
CMakeFiles/cmTC_4b3ef.dir/build.make:97 : la recette pour la cible « cmTC_4b3ef » a échouée
make[1]: *** [cmTC_4b3ef] Erreur 1
make[1] : on quitte le répertoire « /home/emeric/Master_2/SIA/sia_td1/build/CMakeFiles/CMakeTmp »
Makefile:126 : la recette pour la cible « cmTC_4b3ef/fast » a échouée
make: *** [cmTC_4b3ef/fast] Erreur 2

File /home/emeric/Master_2/SIA/sia_td1/build/CMakeFiles/CMakeTmp/CheckSymbolExists.c:
/* */
#include <pthread.h>

int main(int argc, char** argv)
{
  (void)argv;
#ifndef pthread_create
  return ((int*)(&pthread_create))[argc];
#else
  (void)argc;
  return 0;
#endif
}

Determining if the function pthread_create exists in the pthreads failed with the following output:
Change Dir: /home/emeric/Master_2/SIA/sia_td1/build/CMakeFiles/CMakeTmp

Run Build Command:"/usr/bin/make" "cmTC_694be/fast"
/usr/bin/make -f CMakeFiles/cmTC_694be.dir/build.make CMakeFiles/cmTC_694be.dir/build
make[1] : on entre dans le répertoire « /home/emeric/Master_2/SIA/sia_td1/build/CMakeFiles/CMakeTmp »
Building C object CMakeFiles/cmTC_694be.dir/CheckFunctionExists.c.o
/usr/bin/cc    -DCHECK_FUNCTION_EXISTS=pthread_create   -o CMakeFiles/cmTC_694be.dir/CheckFunctionExists.c.o   -c /usr/share/cmake-3.5/Modules/CheckFunctionExists.c
Linking C executable cmTC_694be
/usr/bin/cmake -E cmake_link_script CMakeFiles/cmTC_694be.dir/link.txt --verbose=1
/usr/bin/cc   -DCHECK_FUNCTION_EXISTS=pthread_create    CMakeFiles/cmTC_694be.dir/CheckFunctionExists.c.o  -o cmTC_694be -rdynamic -lpthreads 
/usr/bin/ld : ne peut trouver -lpthreads
collect2: error: ld returned 1 exit status
CMakeFiles/cmTC_694be.dir/build.make:97 : la recette pour la cible « cmTC_694be » a échouée
make[1]: *** [cmTC_694be] Erreur 1
make[1] : on quitte le répertoire « /home/emeric/Master_2/SIA/sia_td1/build/CMakeFiles/CMakeTmp »
Makefile:126 : la recette pour la cible « cmTC_694be/fast » a échouée
make: *** [cmTC_694be/fast] Erreur 2


Determining if the pthread_create exist failed with the following output:
Change Dir: /home/emeric/Master_2/Synthese_Image/sia_td1/build/CMakeFiles/CMakeTmp

Run Build Command:"/usr/bin/make" "cmTC_1a4d4/fast"
/usr/bin/make -f CMakeFiles/cmTC_1a4d4.dir/build.make CMakeFiles/cmTC_1a4d4.dir/build
make[1] : on entre dans le répertoire « /home/emeric/Master_2/Synthese_Image/sia_td1/build/CMakeFiles/CMakeTmp »
Building C object CMakeFiles/cmTC_1a4d4.dir/CheckSymbolExists.c.o
/usr/bin/cc     -o CMakeFiles/cmTC_1a4d4.dir/CheckSymbolExists.c.o   -c /home/emeric/Master_2/Synthese_Image/sia_td1/build/CMakeFiles/CMakeTmp/CheckSymbolExists.c
Linking C executable cmTC_1a4d4
/usr/bin/cmake -E cmake_link_script CMakeFiles/cmTC_1a4d4.dir/link.txt --verbose=1
/usr/bin/cc       CMakeFiles/cmTC_1a4d4.dir/CheckSymbolExists.c.o  -o cmTC_1a4d4 -rdynamic 
CMakeFiles/cmTC_1a4d4.dir/CheckSymbolExists.c.o : Dans la fonction « main » :
CheckSymbolExists.c:(.text+0x16) : référence indéfinie vers « pthread_create »
collect2: error: ld returned 1 exit status
CMakeFiles/cmTC_1a4d4.dir/build.make:97 : la recette pour la cible « cmTC_1a4d4 » a échouée
make[1]: *** [cmTC_1a4d4] Erreur 1
make[1] : on quitte le répertoire « /home/emeric/Master_2/Synthese_Image/sia_td1/build/CMakeFiles/CMakeTmp »
Makefile:126 : la recette pour la cible « cmTC_1a4d4/fast » a échouée
make: *** [cmTC_1a4d4/fast] Erreur 2

File /home/emeric/Master_2/Synthese_Image/sia_td1/build/CMakeFiles/CMakeTmp/CheckSymbolExists.c:
/* */
#include <pthread.h>

int main(int argc, char** argv)
{
  (void)argv;
#ifndef pthread_create
  return ((int*)(&pthread_create))[argc];
#else
  (void)argc;
  return 0;
#endif
}

Determining if the function pthread_create exists in the pthreads failed with the following output:
Change Dir: /home/emeric/Master_2/Synthese_Image/sia_td1/build/CMakeFiles/CMakeTmp

Run Build Command:"/usr/bin/make" "cmTC_e71c3/fast"
/usr/bin/make -f CMakeFiles/cmTC_e71c3.dir/build.make CMakeFiles/cmTC_e71c3.dir/build
make[1] : on entre dans le répertoire « /home/emeric/Master_2/Synthese_Image/sia_td1/build/CMakeFiles/CMakeTmp »
Building C object CMakeFiles/cmTC_e71c3.dir/CheckFunctionExists.c.o
/usr/bin/cc    -DCHECK_FUNCTION_EXISTS=pthread_create   -o CMakeFiles/cmTC_e71c3.dir/CheckFunctionExists.c.o   -c /usr/share/cmake-3.5/Modules/CheckFunctionExists.c
Linking C executable cmTC_e71c3
/usr/bin/cmake -E cmake_link_script CMakeFiles/cmTC_e71c3.dir/link.txt --verbose=1
/usr/bin/cc   -DCHECK_FUNCTION_EXISTS=pthread_create    CMakeFiles/cmTC_e71c3.dir/CheckFunctionExists.c.o  -o cmTC_e71c3 -rdynamic -lpthreads 
/usr/bin/ld : ne peut trouver -lpthreads
collect2: error: ld returned 1 exit status
CMakeFiles/cmTC_e71c3.dir/build.make:97 : la recette pour la cible « cmTC_e71c3 » a échouée
make[1]: *** [cmTC_e71c3] Erreur 1
make[1] : on quitte le répertoire « /home/emeric/Master_2/Synthese_Image/sia_td1/build/CMakeFiles/CMakeTmp »
Makefile:126 : la recette pour la cible « cmTC_e71c3/fast » a échouée
make: *** [cmTC_e71c3/fast] Erreur 2


