Determining if the pthread_create exist failed with the following output:
Change Dir: /home/emeric/Master_2/Synthese_Image/sia_td2/build/CMakeFiles/CMakeTmp

Run Build Command:"/usr/bin/make" "cmTC_09296/fast"
/usr/bin/make -f CMakeFiles/cmTC_09296.dir/build.make CMakeFiles/cmTC_09296.dir/build
make[1] : on entre dans le répertoire « /home/emeric/Master_2/Synthese_Image/sia_td2/build/CMakeFiles/CMakeTmp »
Building C object CMakeFiles/cmTC_09296.dir/CheckSymbolExists.c.o
/usr/bin/cc    -o CMakeFiles/cmTC_09296.dir/CheckSymbolExists.c.o   -c /home/emeric/Master_2/Synthese_Image/sia_td2/build/CMakeFiles/CMakeTmp/CheckSymbolExists.c
Linking C executable cmTC_09296
/usr/local/bin/cmake -E cmake_link_script CMakeFiles/cmTC_09296.dir/link.txt --verbose=1
/usr/bin/cc      -rdynamic CMakeFiles/cmTC_09296.dir/CheckSymbolExists.c.o  -o cmTC_09296 
CMakeFiles/cmTC_09296.dir/CheckSymbolExists.c.o : Dans la fonction « main » :
CheckSymbolExists.c:(.text+0x16) : référence indéfinie vers « pthread_create »
collect2: error: ld returned 1 exit status
CMakeFiles/cmTC_09296.dir/build.make:97 : la recette pour la cible « cmTC_09296 » a échouée
make[1]: *** [cmTC_09296] Erreur 1
make[1] : on quitte le répertoire « /home/emeric/Master_2/Synthese_Image/sia_td2/build/CMakeFiles/CMakeTmp »
Makefile:126 : la recette pour la cible « cmTC_09296/fast » a échouée
make: *** [cmTC_09296/fast] Erreur 2

File /home/emeric/Master_2/Synthese_Image/sia_td2/build/CMakeFiles/CMakeTmp/CheckSymbolExists.c:
/* */
#include <pthread.h>

int main(int argc, char** argv)
{
  (void)argv;
#ifndef pthread_create
  return ((int*)(&pthread_create))[argc];
#else
  (void)argc;
  return 0;
#endif
}

Determining if the function pthread_create exists in the pthreads failed with the following output:
Change Dir: /home/emeric/Master_2/Synthese_Image/sia_td2/build/CMakeFiles/CMakeTmp

Run Build Command:"/usr/bin/make" "cmTC_0e884/fast"
/usr/bin/make -f CMakeFiles/cmTC_0e884.dir/build.make CMakeFiles/cmTC_0e884.dir/build
make[1] : on entre dans le répertoire « /home/emeric/Master_2/Synthese_Image/sia_td2/build/CMakeFiles/CMakeTmp »
Building C object CMakeFiles/cmTC_0e884.dir/CheckFunctionExists.c.o
/usr/bin/cc   -DCHECK_FUNCTION_EXISTS=pthread_create   -o CMakeFiles/cmTC_0e884.dir/CheckFunctionExists.c.o   -c /usr/local/share/cmake-3.9/Modules/CheckFunctionExists.c
Linking C executable cmTC_0e884
/usr/local/bin/cmake -E cmake_link_script CMakeFiles/cmTC_0e884.dir/link.txt --verbose=1
/usr/bin/cc  -DCHECK_FUNCTION_EXISTS=pthread_create    -rdynamic CMakeFiles/cmTC_0e884.dir/CheckFunctionExists.c.o  -o cmTC_0e884 -lpthreads 
/usr/bin/ld : ne peut trouver -lpthreads
collect2: error: ld returned 1 exit status
CMakeFiles/cmTC_0e884.dir/build.make:97 : la recette pour la cible « cmTC_0e884 » a échouée
make[1]: *** [cmTC_0e884] Erreur 1
make[1] : on quitte le répertoire « /home/emeric/Master_2/Synthese_Image/sia_td2/build/CMakeFiles/CMakeTmp »
Makefile:126 : la recette pour la cible « cmTC_0e884/fast » a échouée
make: *** [cmTC_0e884/fast] Erreur 2


