Determining if the pthread_create exist failed with the following output:
Change Dir: /home/emeric/Master_2/Synthese_Image/sia_td4/build/CMakeFiles/CMakeTmp

Run Build Command:"/usr/bin/make" "cmTC_2b44e/fast"
/usr/bin/make -f CMakeFiles/cmTC_2b44e.dir/build.make CMakeFiles/cmTC_2b44e.dir/build
make[1] : on entre dans le répertoire « /home/emeric/Master_2/Synthese_Image/sia_td4/build/CMakeFiles/CMakeTmp »
Building C object CMakeFiles/cmTC_2b44e.dir/CheckSymbolExists.c.o
/usr/bin/cc    -o CMakeFiles/cmTC_2b44e.dir/CheckSymbolExists.c.o   -c /home/emeric/Master_2/Synthese_Image/sia_td4/build/CMakeFiles/CMakeTmp/CheckSymbolExists.c
Linking C executable cmTC_2b44e
/usr/local/bin/cmake -E cmake_link_script CMakeFiles/cmTC_2b44e.dir/link.txt --verbose=1
/usr/bin/cc      -rdynamic CMakeFiles/cmTC_2b44e.dir/CheckSymbolExists.c.o  -o cmTC_2b44e 
CMakeFiles/cmTC_2b44e.dir/CheckSymbolExists.c.o : Dans la fonction « main » :
CheckSymbolExists.c:(.text+0x16) : référence indéfinie vers « pthread_create »
collect2: error: ld returned 1 exit status
CMakeFiles/cmTC_2b44e.dir/build.make:97 : la recette pour la cible « cmTC_2b44e » a échouée
make[1]: *** [cmTC_2b44e] Erreur 1
make[1] : on quitte le répertoire « /home/emeric/Master_2/Synthese_Image/sia_td4/build/CMakeFiles/CMakeTmp »
Makefile:126 : la recette pour la cible « cmTC_2b44e/fast » a échouée
make: *** [cmTC_2b44e/fast] Erreur 2

File /home/emeric/Master_2/Synthese_Image/sia_td4/build/CMakeFiles/CMakeTmp/CheckSymbolExists.c:
/* */
#include <pthread.h>

int main(int argc, char** argv)
{
  (void)argv;
#ifndef pthread_create
  return ((int*)(&pthread_create))[argc];
#else
  (void)argc;
  return 0;
#endif
}

Determining if the function pthread_create exists in the pthreads failed with the following output:
Change Dir: /home/emeric/Master_2/Synthese_Image/sia_td4/build/CMakeFiles/CMakeTmp

Run Build Command:"/usr/bin/make" "cmTC_20617/fast"
/usr/bin/make -f CMakeFiles/cmTC_20617.dir/build.make CMakeFiles/cmTC_20617.dir/build
make[1] : on entre dans le répertoire « /home/emeric/Master_2/Synthese_Image/sia_td4/build/CMakeFiles/CMakeTmp »
Building C object CMakeFiles/cmTC_20617.dir/CheckFunctionExists.c.o
/usr/bin/cc   -DCHECK_FUNCTION_EXISTS=pthread_create   -o CMakeFiles/cmTC_20617.dir/CheckFunctionExists.c.o   -c /usr/local/share/cmake-3.9/Modules/CheckFunctionExists.c
Linking C executable cmTC_20617
/usr/local/bin/cmake -E cmake_link_script CMakeFiles/cmTC_20617.dir/link.txt --verbose=1
/usr/bin/cc  -DCHECK_FUNCTION_EXISTS=pthread_create    -rdynamic CMakeFiles/cmTC_20617.dir/CheckFunctionExists.c.o  -o cmTC_20617 -lpthreads 
/usr/bin/ld : ne peut trouver -lpthreads
collect2: error: ld returned 1 exit status
CMakeFiles/cmTC_20617.dir/build.make:97 : la recette pour la cible « cmTC_20617 » a échouée
make[1]: *** [cmTC_20617] Erreur 1
make[1] : on quitte le répertoire « /home/emeric/Master_2/Synthese_Image/sia_td4/build/CMakeFiles/CMakeTmp »
Makefile:126 : la recette pour la cible « cmTC_20617/fast » a échouée
make: *** [cmTC_20617/fast] Erreur 2


